<?xml version="1.0" encoding="UTF-8"?>
<!-- Generated by org.testng.reporters.JUnitReportReporter -->
<testsuite hostname="LAPTOP-Q7SUM0FV" failures="0" tests="2" name="runners.TestRunner" time="3.765" errors="0" timestamp="2025-03-10T17:32:38 IST" skipped="0">
  <testcase classname="runners.TestRunner" name="runScenario" time="2.501"/>
  <testcase classname="runners.TestRunner" name="runScenario" time="1.264"/>
</testsuite> <!-- runners.TestRunner -->
