<?xml version="1.0" encoding="UTF-8"?>
<!-- Generated by org.testng.reporters.JUnitReportReporter -->
<testsuite hostname="LAPTOP-Q7SUM0FV" failures="0" tests="1" name="com.aryan.DatabaseConnectionTest" time="0.505" errors="0" timestamp="2025-03-10T12:36:44 IST" skipped="0">
  <testcase classname="com.aryan.DatabaseConnectionTest" name="testDatabaseConnection" time="0.505"/>
</testsuite> <!-- com.aryan.DatabaseConnectionTest -->
