<?xml version="1.0" encoding="UTF-8"?>
<!-- Generated by org.testng.reporters.JUnitReportReporter -->
<testsuite hostname="LAPTOP-Q7SUM0FV" failures="0" tests="2" name="runners.TestRunner" time="7.417" errors="0" timestamp="2025-03-10T12:36:44 IST" skipped="0">
  <testcase classname="runners.TestRunner" name="runScenario" time="5.844"/>
  <testcase classname="runners.TestRunner" name="runScenario" time="1.573"/>
</testsuite> <!-- runners.TestRunner -->
