<?xml version="1.0" encoding="UTF-8"?>
<!-- Generated by org.testng.reporters.JUnitReportReporter -->
<testsuite hostname="LAPTOP-Q7SUM0FV" failures="0" tests="1" name="com.aryan.LoginServletTest" time="0.199" errors="0" timestamp="2025-03-10T17:32:38 IST" skipped="0">
  <testcase classname="com.aryan.LoginServletTest" name="testLoginSuccess" time="0.199"/>
</testsuite> <!-- com.aryan.LoginServletTest -->
